app/build/intermediates/manifest_merge_blame_file/release/manifest-merger-blame-release-report.txt
1<?xml version="1.0" encoding="utf-8"?>
2<manifest xmlns:android="http://schemas.android.com/apk/res/android"
3    package="com.idevel.volunteer"
4    android:versionCode="1"
5    android:versionName="1.0.0" > <!-- <uses-permission android:name="com.android.vending.BILLING" /> -->
6    <uses-sdk
7        android:minSdkVersion="19"
7-->src/main/AndroidManifest.xml
8        android:targetSdkVersion="30" />
8-->src/main/AndroidManifest.xml
9
10    <uses-permission android:name="android.permission.INTERNET" />
10-->src/main/AndroidManifest.xml:114:3-65
10-->src/main/AndroidManifest.xml:114:20-62
11    <uses-permission android:name="android.permission.RECEIVE_BOOT_COMPLETED" />
11-->src/main/AndroidManifest.xml:115:3-79
11-->src/main/AndroidManifest.xml:115:20-76
12    <uses-permission android:name="android.permission.ACCESS_NETWORK_STATE" />
12-->src/main/AndroidManifest.xml:116:3-77
12-->src/main/AndroidManifest.xml:116:20-74
13    <uses-permission android:name="android.permission.WAKE_LOCK" />
13-->src/main/AndroidManifest.xml:117:3-66
13-->src/main/AndroidManifest.xml:117:20-63
14    <uses-permission android:name="android.permission.VIBRATE" />
14-->src/main/AndroidManifest.xml:118:3-64
14-->src/main/AndroidManifest.xml:118:20-61
15
16    <!-- 필수권한 -->
17    <uses-permission android:name="android.permission.READ_PHONE_STATE" />
17-->src/main/AndroidManifest.xml:121:3-73
17-->src/main/AndroidManifest.xml:121:20-70
18
19    <!-- <uses-permission android:name="android.permission.READ_CONTACTS" />&lt;!&ndash;  contacts 관리 &ndash;&gt; -->
20    <!-- <uses-permission android:name="android.permission.WRITE_CONTACTS" /> -->
21
22    <uses-permission android:name="android.permission.GET_ACCOUNTS" />
22-->src/main/AndroidManifest.xml:126:3-69
22-->src/main/AndroidManifest.xml:126:20-66
23    <uses-permission android:name="android.permission.ACCESS_FINE_LOCATION" /> <!-- 현재 기기 위치 -->
23-->src/main/AndroidManifest.xml:128:3-77
23-->src/main/AndroidManifest.xml:128:20-74
24    <uses-permission android:name="android.permission.ACCESS_COARSE_LOCATION" />
24-->src/main/AndroidManifest.xml:129:3-79
24-->src/main/AndroidManifest.xml:129:20-76
25    <uses-permission android:name="android.permission.CAMERA" /> <!-- 사진 찍기, 비디오 녹화 -->
25-->src/main/AndroidManifest.xml:131:3-63
25-->src/main/AndroidManifest.xml:131:20-60
26
27    <uses-permission android:name="android.permission.READ_EXTERNAL_STORAGE" /> <!-- 사진, 미디어 파일 접근 -->
27-->src/main/AndroidManifest.xml:133:3-78
27-->src/main/AndroidManifest.xml:133:20-75
28
29    <uses-permission
29-->src/main/AndroidManifest.xml:135:3-137:36
30        android:name="android.permission.WRITE_EXTERNAL_STORAGE"
30-->src/main/AndroidManifest.xml:136:7-63
31        android:maxSdkVersion="29" />
31-->src/main/AndroidManifest.xml:137:7-33
32
33    <!-- MANAGE_EXTERNAL_STORAGE 이거 써야함 -->
34    <uses-permission android:name="android.permission.MANAGE_EXTERNAL_STORAGE" />
34-->src/main/AndroidManifest.xml:140:3-142:38
34-->src/main/AndroidManifest.xml:141:7-64
35    <!-- 필수권한 e -->
36
37    <uses-permission android:name="android.permission.ACCESS_WIFI_STATE" />
37-->src/main/AndroidManifest.xml:146:3-74
37-->src/main/AndroidManifest.xml:146:20-71
38    <uses-permission android:name="com.google.android.finsky.permission.BIND_GET_INSTALL_REFERRER_SERVICE" /> <!-- Required by older versions of Google Play services to create IID tokens -->
38-->[com.google.firebase:firebase-analytics-impl:15.0.0] AndroidManifest.xml:26:5-110
38-->[com.google.firebase:firebase-analytics-impl:15.0.0] AndroidManifest.xml:26:22-107
39    <uses-permission android:name="com.google.android.c2dm.permission.RECEIVE" />
39-->[com.google.firebase:firebase-iid:15.0.0] AndroidManifest.xml:26:5-82
39-->[com.google.firebase:firebase-iid:15.0.0] AndroidManifest.xml:26:22-79
40
41    <permission
41-->[com.google.firebase:firebase-iid:15.0.0] AndroidManifest.xml:28:5-30:47
42        android:name="com.idevel.volunteer.permission.C2D_MESSAGE"
42-->[com.google.firebase:firebase-iid:15.0.0] AndroidManifest.xml:29:9-63
43        android:protectionLevel="signature" />
43-->[com.google.firebase:firebase-iid:15.0.0] AndroidManifest.xml:30:9-44
44
45    <uses-permission android:name="com.idevel.volunteer.permission.C2D_MESSAGE" />
45-->[com.google.firebase:firebase-iid:15.0.0] AndroidManifest.xml:32:5-79
45-->[com.google.firebase:firebase-iid:15.0.0] AndroidManifest.xml:32:22-76
46
47    <application
47-->src/main/AndroidManifest.xml:6:3-112:17
48        android:name="com.idevel.volunteer.MyApplication"
48-->src/main/AndroidManifest.xml:7:7-56
49        android:allowBackup="false"
49-->src/main/AndroidManifest.xml:8:7-34
50        android:appComponentFactory="androidx.core.app.CoreComponentFactory"
50-->[androidx.core:core:1.0.1] AndroidManifest.xml:22:18-86
51        android:hardwareAccelerated="true"
51-->src/main/AndroidManifest.xml:9:7-41
52        android:icon="@mipmap/app_icon_4"
52-->src/main/AndroidManifest.xml:10:7-40
53        android:label="@string/app_name"
53-->src/main/AndroidManifest.xml:11:7-39
54        android:largeHeap="true"
54-->src/main/AndroidManifest.xml:12:7-31
55        android:requestLegacyExternalStorage="true"
55-->src/main/AndroidManifest.xml:13:7-50
56        android:theme="@style/MyAppTheme"
56-->src/main/AndroidManifest.xml:14:7-40
57        android:usesCleartextTraffic="true" >
57-->src/main/AndroidManifest.xml:15:7-42
58        <meta-data
58-->src/main/AndroidManifest.xml:17:5-19:29
59            android:name="iap:api_version"
59-->src/main/AndroidManifest.xml:18:9-39
60            android:value="5" />
60-->src/main/AndroidManifest.xml:19:9-26
61        <meta-data
61-->src/main/AndroidManifest.xml:21:5-23:40
62            android:name="iap:view_option"
62-->src/main/AndroidManifest.xml:22:9-39
63            android:value="popup | full" />
63-->src/main/AndroidManifest.xml:23:9-37
64
65        <!-- ACTIVITY -->
66        <activity
66-->src/main/AndroidManifest.xml:26:5-48:16
67            android:name="com.idevel.volunteer.activity.MainActivity"
67-->src/main/AndroidManifest.xml:27:9-66
68            android:configChanges="locale|keyboard|keyboardHidden|orientation|uiMode|screenSize|fontScale|smallestScreenSize|screenLayout"
68-->src/main/AndroidManifest.xml:28:9-135
69            android:label="@string/app_name"
69-->src/main/AndroidManifest.xml:29:9-41
70            android:launchMode="singleTask"
70-->src/main/AndroidManifest.xml:30:9-40
71            android:screenOrientation="portrait"
71-->src/main/AndroidManifest.xml:31:9-45
72            android:windowSoftInputMode="adjustResize" >
72-->src/main/AndroidManifest.xml:32:9-51
73            <intent-filter>
73-->src/main/AndroidManifest.xml:33:7-36:23
74                <action android:name="android.intent.action.MAIN" />
74-->src/main/AndroidManifest.xml:34:9-61
74-->src/main/AndroidManifest.xml:34:17-58
75
76                <category android:name="android.intent.category.LAUNCHER" />
76-->src/main/AndroidManifest.xml:35:9-69
76-->src/main/AndroidManifest.xml:35:19-66
77            </intent-filter>
78            <intent-filter>
78-->src/main/AndroidManifest.xml:37:7-47:23
79                <action android:name="android.intent.action.VIEW" />
79-->src/main/AndroidManifest.xml:38:9-61
79-->src/main/AndroidManifest.xml:38:17-58
80
81                <category android:name="android.intent.category.DEFAULT" />
81-->src/main/AndroidManifest.xml:40:9-68
81-->src/main/AndroidManifest.xml:40:19-65
82                <category android:name="android.intent.category.BROWSABLE" />
82-->src/main/AndroidManifest.xml:41:9-70
82-->src/main/AndroidManifest.xml:41:19-67
83
84                <!-- scheme -->
85                <data
85-->src/main/AndroidManifest.xml:44:9-46:49
86                    android:host="show-app"
86-->src/main/AndroidManifest.xml:45:13-36
87                    android:scheme="idevel-volunteer" />
87-->src/main/AndroidManifest.xml:46:13-46
88            </intent-filter>
89        </activity>
90        <activity
90-->src/main/AndroidManifest.xml:50:5-55:55
91            android:name="com.idevel.volunteer.activity.PushPopupActivity"
91-->src/main/AndroidManifest.xml:51:9-71
92            android:excludeFromRecents="true"
92-->src/main/AndroidManifest.xml:52:9-42
93            android:screenOrientation="unspecified"
93-->src/main/AndroidManifest.xml:53:9-48
94            android:taskAffinity="com.medialog.umobi.pushPopup"
94-->src/main/AndroidManifest.xml:54:9-60
95            android:theme="@android:style/Theme.Dialog" />
95-->src/main/AndroidManifest.xml:55:9-52
96
97        <!-- DEV -->
98        <activity
98-->src/main/AndroidManifest.xml:58:5-60:55
99            android:name="com.idevel.volunteer.activity.DevActivity"
99-->src/main/AndroidManifest.xml:59:9-65
100            android:theme="@style/Base.Theme.AppCompat" />
100-->src/main/AndroidManifest.xml:60:9-52
101
102        <!-- RECEIVER -->
103        <!-- Network change receiver -->
104        <meta-data
104-->src/main/AndroidManifest.xml:64:5-66:65
105            android:name="com.google.android.gms.version"
105-->src/main/AndroidManifest.xml:65:9-54
106            android:value="@integer/google_play_services_version" />
106-->src/main/AndroidManifest.xml:66:9-62
107
108        <!-- DataSaver change receiver -->
109        <receiver
109-->src/main/AndroidManifest.xml:69:5-73:52
110            android:name="com.idevel.volunteer.broadcast.DataSaverChangeReceiver"
110-->src/main/AndroidManifest.xml:70:9-78
111            android:enabled="true"
111-->src/main/AndroidManifest.xml:71:9-31
112            android:exported="false"
112-->src/main/AndroidManifest.xml:72:9-33
113            android:label="DataSaverChange" />
113-->src/main/AndroidManifest.xml:73:9-40
114
115        <!-- Network Change receiver -->
116        <receiver android:name="com.idevel.volunteer.broadcast.NetworkChangeReceiver" >
116-->src/main/AndroidManifest.xml:76:5-80:16
116-->src/main/AndroidManifest.xml:76:15-82
117            <intent-filter>
117-->src/main/AndroidManifest.xml:77:7-79:23
118                <action android:name="android.net.conn.BACKGROUND_DATA_SETTING_CHANGED" />
118-->src/main/AndroidManifest.xml:78:9-83
118-->src/main/AndroidManifest.xml:78:17-80
119            </intent-filter>
120        </receiver>
121
122        <!-- SERVICE -->
123        <service
123-->src/main/AndroidManifest.xml:83:5-90:15
124            android:name="com.idevel.volunteer.fcm.FcmInstanceIDService"
124-->src/main/AndroidManifest.xml:84:9-69
125            android:enabled="true"
125-->src/main/AndroidManifest.xml:85:9-31
126            android:exported="true" >
126-->src/main/AndroidManifest.xml:86:9-32
127            <intent-filter>
127-->src/main/AndroidManifest.xml:87:7-89:23
128                <action android:name="com.google.firebase.INSTANCE_ID_EVENT" />
128-->src/main/AndroidManifest.xml:88:9-72
128-->src/main/AndroidManifest.xml:88:17-69
129            </intent-filter>
130        </service>
131        <service
131-->src/main/AndroidManifest.xml:92:5-98:15
132            android:name="com.idevel.volunteer.fcm.FcmListenerService"
132-->src/main/AndroidManifest.xml:93:9-67
133            android:exported="false" >
133-->src/main/AndroidManifest.xml:94:9-33
134            <intent-filter>
134-->src/main/AndroidManifest.xml:95:7-97:23
135                <action android:name="com.google.firebase.MESSAGING_EVENT" />
135-->src/main/AndroidManifest.xml:96:9-70
135-->src/main/AndroidManifest.xml:96:17-67
136            </intent-filter>
137        </service>
138
139        <!-- <receiver -->
140        <!-- android:name=".fcm.GcmBroadcastReceiver" -->
141        <!-- android:permission="com.google.android.c2dm.permission.SEND" > -->
142        <!-- <intent-filter> -->
143        <!-- &lt;!&ndash; Receives the actual messages. &ndash;&gt; -->
144        <!-- <action android:name="com.google.android.c2dm.intent.RECEIVE" /> -->
145        <!-- <category android:name="com.google.android.gcm.demo.app" /> -->
146        <!-- </intent-filter> -->
147        <!-- </receiver> -->
148
149
150        <!--
151             FirebaseMessagingService performs security checks at runtime,
152             no need for explicit permissions despite exported="true"
153        -->
154        <service
154-->[com.google.firebase:firebase-messaging:15.0.0] AndroidManifest.xml:28:9-34:19
155            android:name="com.google.firebase.messaging.FirebaseMessagingService"
155-->[com.google.firebase:firebase-messaging:15.0.0] AndroidManifest.xml:29:13-82
156            android:exported="true" >
156-->[com.google.firebase:firebase-messaging:15.0.0] AndroidManifest.xml:30:13-36
157            <intent-filter android:priority="-500" >
157-->src/main/AndroidManifest.xml:95:7-97:23
158                <action android:name="com.google.firebase.MESSAGING_EVENT" />
158-->src/main/AndroidManifest.xml:96:9-70
158-->src/main/AndroidManifest.xml:96:17-67
159            </intent-filter>
160        </service>
161
162        <receiver
162-->[com.google.firebase:firebase-analytics-impl:15.0.0] AndroidManifest.xml:29:9-33:20
163            android:name="com.google.android.gms.measurement.AppMeasurementReceiver"
163-->[com.google.firebase:firebase-analytics-impl:15.0.0] AndroidManifest.xml:30:13-85
164            android:enabled="true"
164-->[com.google.firebase:firebase-analytics-impl:15.0.0] AndroidManifest.xml:31:13-35
165            android:exported="false" >
165-->[com.google.firebase:firebase-analytics-impl:15.0.0] AndroidManifest.xml:32:13-37
166        </receiver>
167
168        <service
168-->[com.google.firebase:firebase-analytics-impl:15.0.0] AndroidManifest.xml:35:9-38:40
169            android:name="com.google.android.gms.measurement.AppMeasurementService"
169-->[com.google.firebase:firebase-analytics-impl:15.0.0] AndroidManifest.xml:36:13-84
170            android:enabled="true"
170-->[com.google.firebase:firebase-analytics-impl:15.0.0] AndroidManifest.xml:37:13-35
171            android:exported="false" />
171-->[com.google.firebase:firebase-analytics-impl:15.0.0] AndroidManifest.xml:38:13-37
172
173        <receiver
173-->[com.google.firebase:firebase-iid:15.0.0] AndroidManifest.xml:35:9-44:20
174            android:name="com.google.firebase.iid.FirebaseInstanceIdReceiver"
174-->[com.google.firebase:firebase-iid:15.0.0] AndroidManifest.xml:36:13-78
175            android:exported="true"
175-->[com.google.firebase:firebase-iid:15.0.0] AndroidManifest.xml:37:13-36
176            android:permission="com.google.android.c2dm.permission.SEND" >
176-->[com.google.firebase:firebase-iid:15.0.0] AndroidManifest.xml:38:13-73
177            <intent-filter>
177-->[com.google.firebase:firebase-iid:15.0.0] AndroidManifest.xml:39:13-43:29
178                <action android:name="com.google.android.c2dm.intent.RECEIVE" />
178-->[com.google.firebase:firebase-iid:15.0.0] AndroidManifest.xml:40:17-81
178-->[com.google.firebase:firebase-iid:15.0.0] AndroidManifest.xml:40:25-78
179
180                <category android:name="com.idevel.volunteer" />
180-->[com.google.firebase:firebase-iid:15.0.0] AndroidManifest.xml:42:17-61
180-->[com.google.firebase:firebase-iid:15.0.0] AndroidManifest.xml:42:27-58
181            </intent-filter>
182        </receiver>
183        <!--
184             FirebaseInstanceIdService performs security checks at runtime,
185             no need for explicit permissions despite exported="true"
186        -->
187        <service
187-->[com.google.firebase:firebase-iid:15.0.0] AndroidManifest.xml:50:9-56:19
188            android:name="com.google.firebase.iid.FirebaseInstanceIdService"
188-->[com.google.firebase:firebase-iid:15.0.0] AndroidManifest.xml:51:13-77
189            android:exported="true" >
189-->[com.google.firebase:firebase-iid:15.0.0] AndroidManifest.xml:52:13-36
190            <intent-filter android:priority="-500" >
190-->src/main/AndroidManifest.xml:87:7-89:23
191                <action android:name="com.google.firebase.INSTANCE_ID_EVENT" />
191-->src/main/AndroidManifest.xml:88:9-72
191-->src/main/AndroidManifest.xml:88:17-69
192            </intent-filter>
193        </service>
194
195        <provider
195-->[com.google.firebase:firebase-common:15.0.1] AndroidManifest.xml:8:9-12:39
196            android:name="com.google.firebase.provider.FirebaseInitProvider"
196-->[com.google.firebase:firebase-common:15.0.1] AndroidManifest.xml:9:13-77
197            android:authorities="com.idevel.volunteer.firebaseinitprovider"
197-->[com.google.firebase:firebase-common:15.0.1] AndroidManifest.xml:10:13-72
198            android:exported="false"
198-->[com.google.firebase:firebase-common:15.0.1] AndroidManifest.xml:11:13-37
199            android:initOrder="100" />
199-->[com.google.firebase:firebase-common:15.0.1] AndroidManifest.xml:12:13-36
200
201        <activity
201-->[com.google.android.gms:play-services-base:15.0.1] AndroidManifest.xml:23:9-26:75
202            android:name="com.google.android.gms.common.api.GoogleApiActivity"
202-->[com.google.android.gms:play-services-base:15.0.1] AndroidManifest.xml:24:13-79
203            android:exported="false"
203-->[com.google.android.gms:play-services-base:15.0.1] AndroidManifest.xml:25:13-37
204            android:theme="@android:style/Theme.Translucent.NoTitleBar" />
204-->[com.google.android.gms:play-services-base:15.0.1] AndroidManifest.xml:26:13-72
205        <activity
205-->[com.karumi:dexter:6.2.1] AndroidManifest.xml:27:9-29:72
206            android:name="com.karumi.dexter.DexterActivity"
206-->[com.karumi:dexter:6.2.1] AndroidManifest.xml:28:13-60
207            android:theme="@style/Dexter.Internal.Theme.Transparent" />
207-->[com.karumi:dexter:6.2.1] AndroidManifest.xml:29:13-69
208    </application>
209
210</manifest>